0 info it worked if it ends with ok
1 verbose cli [ 'C:\\Program Files\\nodejs\\\\node.exe',
1 verbose cli   'C:\\Program Files\\nodejs\\node_modules\\npm\\bin\\npm-cli.js',
1 verbose cli   'install',
1 verbose cli   'hiredis',
1 verbose cli   'redis' ]
2 info using npm@1.4.21
3 info using node@v0.11.14-nightly-20140819-pre
4 verbose node symlink C:\Program Files\nodejs\\node.exe
5 warn package.json expressgo@0.0.1 No description
6 warn package.json expressgo@0.0.1 No repository field.
7 warn package.json expressgo@0.0.1 No README data
8 verbose readDependencies using package.json deps
9 verbose cache add [ 'hiredis', null ]
10 verbose cache add name=undefined spec="hiredis" args=["hiredis",null]
11 verbose parsed url { protocol: null,
11 verbose parsed url   slashes: null,
11 verbose parsed url   auth: null,
11 verbose parsed url   host: null,
11 verbose parsed url   port: null,
11 verbose parsed url   hostname: null,
11 verbose parsed url   hash: null,
11 verbose parsed url   search: null,
11 verbose parsed url   query: null,
11 verbose parsed url   pathname: 'hiredis',
11 verbose parsed url   path: 'hiredis',
11 verbose parsed url   href: 'hiredis' }
12 verbose cache add [ 'redis@latest', null ]
13 verbose cache add name=undefined spec="redis@latest" args=["redis@latest",null]
14 verbose parsed url { protocol: null,
14 verbose parsed url   slashes: null,
14 verbose parsed url   auth: null,
14 verbose parsed url   host: null,
14 verbose parsed url   port: null,
14 verbose parsed url   hostname: null,
14 verbose parsed url   hash: null,
14 verbose parsed url   search: null,
14 verbose parsed url   query: null,
14 verbose parsed url   pathname: 'redis@latest',
14 verbose parsed url   path: 'redis@latest',
14 verbose parsed url   href: 'redis@latest' }
15 verbose cache add name="redis" spec="latest" args=["redis","latest"]
16 verbose parsed url { protocol: null,
16 verbose parsed url   slashes: null,
16 verbose parsed url   auth: null,
16 verbose parsed url   host: null,
16 verbose parsed url   port: null,
16 verbose parsed url   hostname: null,
16 verbose parsed url   hash: null,
16 verbose parsed url   search: null,
16 verbose parsed url   query: null,
16 verbose parsed url   pathname: 'latest',
16 verbose parsed url   path: 'latest',
16 verbose parsed url   href: 'latest' }
17 verbose addNamed [ 'redis', 'latest' ]
18 verbose addNamed [ null, null ]
19 silly lockFile 0507405e-redis-latest redis@latest
20 verbose lock redis@latest C:\Users\panxuepeng\AppData\Roaming\npm-cache\0507405e-redis-latest.lock
21 silly lockFile 66e3de35-hiredis hiredis
22 verbose lock hiredis C:\Users\panxuepeng\AppData\Roaming\npm-cache\66e3de35-hiredis.lock
23 info addNameTag [ 'redis', 'latest' ]
24 silly lockFile 66e3de35-hiredis hiredis
25 silly lockFile 66e3de35-hiredis hiredis
26 verbose addNamed [ 'hiredis', '' ]
27 verbose addNamed [ null, '*' ]
28 silly lockFile dc014615-hiredis hiredis@
29 verbose lock hiredis@ C:\Users\panxuepeng\AppData\Roaming\npm-cache\dc014615-hiredis.lock
30 silly addNameRange { name: 'hiredis', range: '*', hasData: false }
31 verbose request where is /hiredis
32 verbose request registry https://registry.npmjs.org/
33 verbose request id faa9e2f5b217db5c
34 verbose url raw /hiredis
35 verbose url resolving [ 'https://registry.npmjs.org/', './hiredis' ]
36 verbose url resolved https://registry.npmjs.org/hiredis
37 verbose request where is https://registry.npmjs.org/hiredis
38 info trying registry request attempt 1 at 14:54:53
39 http GET https://registry.npmjs.org/hiredis
40 verbose request where is /redis
41 verbose request registry https://registry.npmjs.org/
42 verbose url raw /redis
43 verbose url resolving [ 'https://registry.npmjs.org/', './redis' ]
44 verbose url resolved https://registry.npmjs.org/redis
45 verbose request where is https://registry.npmjs.org/redis
46 info trying registry request attempt 1 at 14:54:53
47 verbose etag "AE9ZSJ7MJ2R7FFS47GJCXR6BO"
48 http GET https://registry.npmjs.org/redis
49 http 200 https://registry.npmjs.org/redis
50 silly registry.get cb [ 200,
50 silly registry.get   { date: 'Tue, 16 Dec 2014 06:55:00 GMT',
50 silly registry.get     server: 'CouchDB/1.5.0 (Erlang OTP/R16B03)',
50 silly registry.get     etag: '"2N2ZMCRDMIQ14GM5U4FCUM6JO"',
50 silly registry.get     'content-type': 'application/json',
50 silly registry.get     'cache-control': 'max-age=60',
50 silly registry.get     'content-length': '89919',
50 silly registry.get     'accept-ranges': 'bytes',
50 silly registry.get     via: '1.1 varnish',
50 silly registry.get     age: '54',
50 silly registry.get     'x-served-by': 'cache-ty68-TYO',
50 silly registry.get     'x-cache': 'HIT',
50 silly registry.get     'x-cache-hits': '3',
50 silly registry.get     'x-timer': 'S1418712900.703570,VS0,VE0',
50 silly registry.get     vary: 'Accept',
50 silly registry.get     connection: 'close' } ]
51 verbose addNamed [ 'redis', '0.12.1' ]
52 verbose addNamed [ '0.12.1', '0.12.1' ]
53 silly lockFile 5ec46899-redis-0-12-1 redis@0.12.1
54 verbose lock redis@0.12.1 C:\Users\panxuepeng\AppData\Roaming\npm-cache\5ec46899-redis-0-12-1.lock
55 silly lockFile 5ec46899-redis-0-12-1 redis@0.12.1
56 silly lockFile 5ec46899-redis-0-12-1 redis@0.12.1
57 silly lockFile 0507405e-redis-latest redis@latest
58 silly lockFile 0507405e-redis-latest redis@latest
59 http 200 https://registry.npmjs.org/hiredis
60 silly registry.get cb [ 200,
60 silly registry.get   { date: 'Tue, 16 Dec 2014 06:55:01 GMT',
60 silly registry.get     server: 'CouchDB/1.5.0 (Erlang OTP/R16B03)',
60 silly registry.get     etag: '"EP4TRZSQJ086BBF0BM6BDGIXQ"',
60 silly registry.get     'content-type': 'application/json',
60 silly registry.get     'cache-control': 'max-age=60',
60 silly registry.get     'content-length': '15294',
60 silly registry.get     'accept-ranges': 'bytes',
60 silly registry.get     via: '1.1 varnish',
60 silly registry.get     age: '18',
60 silly registry.get     'x-served-by': 'cache-ty66-TYO',
60 silly registry.get     'x-cache': 'HIT',
60 silly registry.get     'x-cache-hits': '2',
60 silly registry.get     'x-timer': 'S1418712901.472234,VS0,VE0',
60 silly registry.get     vary: 'Accept',
60 silly registry.get     connection: 'close' } ]
61 silly addNameRange number 2 { name: 'hiredis', range: '*', hasData: true }
62 silly addNameRange versions [ 'hiredis',
62 silly addNameRange   [ '0.1.0',
62 silly addNameRange     '0.1.1',
62 silly addNameRange     '0.1.2',
62 silly addNameRange     '0.1.3',
62 silly addNameRange     '0.1.4',
62 silly addNameRange     '0.1.5',
62 silly addNameRange     '0.1.6',
62 silly addNameRange     '0.1.8',
62 silly addNameRange     '0.1.9',
62 silly addNameRange     '0.1.10',
62 silly addNameRange     '0.1.12',
62 silly addNameRange     '0.1.13',
62 silly addNameRange     '0.1.14',
62 silly addNameRange     '0.1.15',
62 silly addNameRange     '0.1.16',
62 silly addNameRange     '0.1.17' ] ]
63 verbose addNamed [ 'hiredis', '0.1.17' ]
64 verbose addNamed [ '0.1.17', '0.1.17' ]
65 silly lockFile 795be474-hiredis-0-1-17 hiredis@0.1.17
66 verbose lock hiredis@0.1.17 C:\Users\panxuepeng\AppData\Roaming\npm-cache\795be474-hiredis-0-1-17.lock
67 silly lockFile fcb748b0-s-org-hiredis-hiredis-0-1-17-tgz https://registry.npmjs.org/hiredis/-/hiredis-0.1.17.tgz
68 verbose lock https://registry.npmjs.org/hiredis/-/hiredis-0.1.17.tgz C:\Users\panxuepeng\AppData\Roaming\npm-cache\fcb748b0-s-org-hiredis-hiredis-0-1-17-tgz.lock
69 verbose addRemoteTarball [ 'https://registry.npmjs.org/hiredis/-/hiredis-0.1.17.tgz',
69 verbose addRemoteTarball   '60a33a968efc9a974e7ebb832f33aa965d3d354e' ]
70 info retry fetch attempt 1 at 14:54:54
71 verbose fetch to= c:\Users\PANXUE~1\AppData\Local\Temp\npm-8048-0ZnEFYbe\registry.npmjs.org\hiredis\-\hiredis-0.1.17.tgz
72 http GET https://registry.npmjs.org/hiredis/-/hiredis-0.1.17.tgz
73 http 200 https://registry.npmjs.org/hiredis/-/hiredis-0.1.17.tgz
74 silly lockFile fcb748b0-s-org-hiredis-hiredis-0-1-17-tgz https://registry.npmjs.org/hiredis/-/hiredis-0.1.17.tgz
75 silly lockFile fcb748b0-s-org-hiredis-hiredis-0-1-17-tgz https://registry.npmjs.org/hiredis/-/hiredis-0.1.17.tgz
76 silly lockFile 795be474-hiredis-0-1-17 hiredis@0.1.17
77 silly lockFile 795be474-hiredis-0-1-17 hiredis@0.1.17
78 silly lockFile dc014615-hiredis hiredis@
79 silly lockFile dc014615-hiredis hiredis@
80 silly resolved [ { name: 'redis',
80 silly resolved     version: '0.12.1',
80 silly resolved     description: 'Redis client library',
80 silly resolved     keywords: [ 'redis', 'database' ],
80 silly resolved     author: { name: 'Matt Ranney', email: 'mjr@ranney.com' },
80 silly resolved     main: './index.js',
80 silly resolved     scripts: { test: 'node ./test.js' },
80 silly resolved     devDependencies: { metrics: '>=0.1.5', colors: '~0.6.0-1', underscore: '~1.4.4' },
80 silly resolved     repository: { type: 'git', url: 'git://github.com/mranney/node_redis.git' },
80 silly resolved     bugs: { url: 'https://github.com/mranney/node_redis/issues' },
80 silly resolved     homepage: 'https://github.com/mranney/node_redis',
80 silly resolved     _id: 'redis@0.12.1',
80 silly resolved     _shasum: '64df76ad0fc8acebaebd2a0645e8a48fac49185e',
80 silly resolved     _from: 'redis@latest',
80 silly resolved     _npmVersion: '1.4.9',
80 silly resolved     _npmUser: { name: 'bryce', email: 'bryce@ravenwall.com' },
80 silly resolved     maintainers: [ [Object], [Object], [Object] ],
80 silly resolved     dist:
80 silly resolved      { shasum: '64df76ad0fc8acebaebd2a0645e8a48fac49185e',
80 silly resolved        tarball: 'http://registry.npmjs.org/redis/-/redis-0.12.1.tgz' },
80 silly resolved     directories: {},
80 silly resolved     _resolved: 'https://registry.npmjs.org/redis/-/redis-0.12.1.tgz',
80 silly resolved     readme: 'ERROR: No README data found!' },
80 silly resolved   { name: 'hiredis',
80 silly resolved     description: 'Wrapper for reply processing code in hiredis',
80 silly resolved     version: '0.1.17',
80 silly resolved     homepage: 'http://github.com/redis/hiredis-node',
80 silly resolved     author: { name: 'Pieter Noordhuis', email: 'pcnoordhuis@gmail.com' },
80 silly resolved     main: 'hiredis',
80 silly resolved     scripts: { test: 'node test/reader.js', install: 'node-gyp rebuild' },
80 silly resolved     dependencies: { bindings: '*', nan: '~1.1.0' },
80 silly resolved     engines: { node: '>= 0.6.0' },
80 silly resolved     repository:
80 silly resolved      { type: 'git',
80 silly resolved        url: 'https://github.com/redis/hiredis-node.git' },
80 silly resolved     bugs: { url: 'https://github.com/redis/hiredis-node/issues' },
80 silly resolved     licenses: [ [Object] ],
80 silly resolved     gypfile: true,
80 silly resolved     _id: 'hiredis@0.1.17',
80 silly resolved     _shasum: '60a33a968efc9a974e7ebb832f33aa965d3d354e',
80 silly resolved     _resolved: 'https://registry.npmjs.org/hiredis/-/hiredis-0.1.17.tgz',
80 silly resolved     _from: 'hiredis@',
80 silly resolved     _npmVersion: '1.4.9',
80 silly resolved     _npmUser: { name: 'pietern', email: 'pcnoordhuis@gmail.com' },
80 silly resolved     maintainers: [ [Object] ],
80 silly resolved     dist:
80 silly resolved      { shasum: '60a33a968efc9a974e7ebb832f33aa965d3d354e',
80 silly resolved        tarball: 'http://registry.npmjs.org/hiredis/-/hiredis-0.1.17.tgz' },
80 silly resolved     directories: {} } ]
81 info install redis@0.12.1 into D:\GitHub\expressgo
82 info install hiredis@0.1.17 into D:\GitHub\expressgo
83 info installOne redis@0.12.1
84 info installOne hiredis@0.1.17
85 verbose node_modules\redis unbuild
86 info preuninstall redis@0.12.1
87 info uninstall redis@0.12.1
88 verbose node_modules\hiredis unbuild
89 verbose true,D:\GitHub\expressgo\node_modules,D:\GitHub\expressgo\node_modules unbuild redis@0.12.1
90 info postuninstall redis@0.12.1
91 verbose tar unpack c:\Users\panxuepeng\AppData\Roaming\npm-cache\hiredis\0.1.17\package.tgz
92 silly lockFile 4ad3d716-b-expressgo-node-modules-hiredis tar://D:\GitHub\expressgo\node_modules\hiredis
93 verbose lock tar://D:\GitHub\expressgo\node_modules\hiredis C:\Users\panxuepeng\AppData\Roaming\npm-cache\4ad3d716-b-expressgo-node-modules-hiredis.lock
94 silly lockFile 3031f538-cache-hiredis-0-1-17-package-tgz tar://c:\Users\panxuepeng\AppData\Roaming\npm-cache\hiredis\0.1.17\package.tgz
95 verbose lock tar://c:\Users\panxuepeng\AppData\Roaming\npm-cache\hiredis\0.1.17\package.tgz C:\Users\panxuepeng\AppData\Roaming\npm-cache\3031f538-cache-hiredis-0-1-17-package-tgz.lock
96 silly gunzTarPerm modes [ '777', '666' ]
97 silly gunzTarPerm extractEntry
98 silly gunzTarPerm modified mode [ '', 493, 511 ]
99 silly gunzTarPerm extractEntry bench.js
100 silly gunzTarPerm modified mode [ 'bench.js', 420, 438 ]
101 silly gunzTarPerm extractEntry binding.gyp
102 silly gunzTarPerm modified mode [ 'binding.gyp', 420, 438 ]
103 silly gunzTarPerm extractEntry COPYING
104 silly gunzTarPerm modified mode [ 'COPYING', 420, 438 ]
105 silly gunzTarPerm extractEntry deps/
106 silly gunzTarPerm modified mode [ 'deps/', 493, 511 ]
107 silly gunzTarPerm extractEntry hiredis.js
108 silly gunzTarPerm modified mode [ 'hiredis.js', 420, 438 ]
109 verbose tar unpack c:\Users\panxuepeng\AppData\Roaming\npm-cache\redis\0.12.1\package.tgz
110 silly lockFile b84fbef0-Hub-expressgo-node-modules-redis tar://D:\GitHub\expressgo\node_modules\redis
111 verbose lock tar://D:\GitHub\expressgo\node_modules\redis C:\Users\panxuepeng\AppData\Roaming\npm-cache\b84fbef0-Hub-expressgo-node-modules-redis.lock
112 silly lockFile 8032cf8f-m-cache-redis-0-12-1-package-tgz tar://c:\Users\panxuepeng\AppData\Roaming\npm-cache\redis\0.12.1\package.tgz
113 verbose lock tar://c:\Users\panxuepeng\AppData\Roaming\npm-cache\redis\0.12.1\package.tgz C:\Users\panxuepeng\AppData\Roaming\npm-cache\8032cf8f-m-cache-redis-0-12-1-package-tgz.lock
114 silly gunzTarPerm modes [ '777', '666' ]
115 silly gunzTarPerm extractEntry package.json
116 silly gunzTarPerm modified mode [ 'package.json', 420, 438 ]
117 silly gunzTarPerm extractEntry README.md
118 silly gunzTarPerm modified mode [ 'README.md', 420, 438 ]
119 silly gunzTarPerm extractEntry src/
120 silly gunzTarPerm modified mode [ 'src/', 493, 511 ]
121 silly gunzTarPerm extractEntry test/
122 silly gunzTarPerm modified mode [ 'test/', 493, 511 ]
123 silly gunzTarPerm extractEntry test/reader.js
124 silly gunzTarPerm modified mode [ 'test/reader.js', 420, 438 ]
125 silly gunzTarPerm extractEntry src/hiredis.cc
126 silly gunzTarPerm modified mode [ 'src/hiredis.cc', 420, 438 ]
127 silly gunzTarPerm extractEntry package.json
128 silly gunzTarPerm modified mode [ 'package.json', 420, 438 ]
129 silly gunzTarPerm extractEntry src/reader.cc
130 silly gunzTarPerm modified mode [ 'src/reader.cc', 420, 438 ]
131 silly gunzTarPerm extractEntry src/reader.h
132 silly gunzTarPerm modified mode [ 'src/reader.h', 420, 438 ]
133 silly gunzTarPerm extractEntry .npmignore
134 silly gunzTarPerm modified mode [ '.npmignore', 420, 438 ]
135 silly gunzTarPerm extractEntry README.md
136 silly gunzTarPerm modified mode [ 'README.md', 420, 438 ]
137 silly gunzTarPerm extractEntry connection_breaker.js
138 silly gunzTarPerm modified mode [ 'connection_breaker.js', 420, 438 ]
139 silly gunzTarPerm extractEntry deps/hiredis/
140 silly gunzTarPerm modified mode [ 'deps/hiredis/', 493, 511 ]
141 silly gunzTarPerm extractEntry deps/hiredis.gyp
142 silly gunzTarPerm modified mode [ 'deps/hiredis.gyp', 420, 438 ]
143 silly gunzTarPerm extractEntry index.js
144 silly gunzTarPerm modified mode [ 'index.js', 420, 438 ]
145 silly gunzTarPerm extractEntry lib/commands.js
146 silly gunzTarPerm modified mode [ 'lib/commands.js', 420, 438 ]
147 silly gunzTarPerm extractEntry deps/hiredis/adapters/
148 silly gunzTarPerm modified mode [ 'deps/hiredis/adapters/', 493, 511 ]
149 silly gunzTarPerm extractEntry deps/hiredis/async.c
150 silly gunzTarPerm modified mode [ 'deps/hiredis/async.c', 420, 438 ]
151 silly gunzTarPerm extractEntry deps/hiredis/async.h
152 silly gunzTarPerm modified mode [ 'deps/hiredis/async.h', 420, 438 ]
153 silly gunzTarPerm extractEntry deps/hiredis/CHANGELOG.md
154 silly gunzTarPerm modified mode [ 'deps/hiredis/CHANGELOG.md', 420, 438 ]
155 silly gunzTarPerm extractEntry deps/hiredis/COPYING
156 silly gunzTarPerm modified mode [ 'deps/hiredis/COPYING', 420, 438 ]
157 silly gunzTarPerm extractEntry deps/hiredis/dict.c
158 silly gunzTarPerm modified mode [ 'deps/hiredis/dict.c', 420, 438 ]
159 silly gunzTarPerm extractEntry deps/hiredis/dict.h
160 silly gunzTarPerm modified mode [ 'deps/hiredis/dict.h', 420, 438 ]
161 silly gunzTarPerm extractEntry deps/hiredis/example-ae.c
162 silly gunzTarPerm modified mode [ 'deps/hiredis/example-ae.c', 420, 438 ]
163 silly gunzTarPerm extractEntry deps/hiredis/example-libev.c
164 silly gunzTarPerm modified mode [ 'deps/hiredis/example-libev.c', 420, 438 ]
165 silly gunzTarPerm extractEntry deps/hiredis/example-libevent.c
166 silly gunzTarPerm modified mode [ 'deps/hiredis/example-libevent.c', 420, 438 ]
167 silly gunzTarPerm extractEntry lib/queue.js
168 silly gunzTarPerm modified mode [ 'lib/queue.js', 420, 438 ]
169 silly gunzTarPerm extractEntry lib/to_array.js
170 silly gunzTarPerm modified mode [ 'lib/to_array.js', 420, 438 ]
171 silly gunzTarPerm extractEntry deps/hiredis/example.c
172 silly gunzTarPerm modified mode [ 'deps/hiredis/example.c', 420, 438 ]
173 silly gunzTarPerm extractEntry deps/hiredis/fmacros.h
174 silly gunzTarPerm modified mode [ 'deps/hiredis/fmacros.h', 420, 438 ]
175 silly gunzTarPerm extractEntry lib/util.js
176 silly gunzTarPerm modified mode [ 'lib/util.js', 420, 438 ]
177 silly gunzTarPerm extractEntry lib/parser/hiredis.js
178 silly gunzTarPerm modified mode [ 'lib/parser/hiredis.js', 420, 438 ]
179 silly gunzTarPerm extractEntry deps/hiredis/hiredis.c
180 silly gunzTarPerm modified mode [ 'deps/hiredis/hiredis.c', 420, 438 ]
181 silly gunzTarPerm extractEntry deps/hiredis/hiredis.h
182 silly gunzTarPerm modified mode [ 'deps/hiredis/hiredis.h', 420, 438 ]
183 silly gunzTarPerm extractEntry deps/hiredis/Makefile
184 silly gunzTarPerm modified mode [ 'deps/hiredis/Makefile', 420, 438 ]
185 silly gunzTarPerm extractEntry deps/hiredis/net.c
186 silly gunzTarPerm modified mode [ 'deps/hiredis/net.c', 420, 438 ]
187 silly gunzTarPerm extractEntry deps/hiredis/net.h
188 silly gunzTarPerm modified mode [ 'deps/hiredis/net.h', 420, 438 ]
189 silly gunzTarPerm extractEntry deps/hiredis/README.md
190 silly gunzTarPerm modified mode [ 'deps/hiredis/README.md', 420, 438 ]
191 silly gunzTarPerm extractEntry deps/hiredis/sds.c
192 silly gunzTarPerm modified mode [ 'deps/hiredis/sds.c', 420, 438 ]
193 silly gunzTarPerm extractEntry deps/hiredis/sds.h
194 silly gunzTarPerm modified mode [ 'deps/hiredis/sds.h', 420, 438 ]
195 silly gunzTarPerm extractEntry deps/hiredis/test.c
196 silly gunzTarPerm modified mode [ 'deps/hiredis/test.c', 420, 438 ]
197 silly gunzTarPerm extractEntry deps/hiredis/adapters/ae.h
198 silly gunzTarPerm modified mode [ 'deps/hiredis/adapters/ae.h', 420, 438 ]
199 silly gunzTarPerm extractEntry deps/hiredis/adapters/libev.h
200 silly gunzTarPerm modified mode [ 'deps/hiredis/adapters/libev.h', 420, 438 ]
201 silly gunzTarPerm extractEntry deps/hiredis/adapters/libevent.h
202 silly gunzTarPerm modified mode [ 'deps/hiredis/adapters/libevent.h', 420, 438 ]
203 silly gunzTarPerm extractEntry lib/parser/javascript.js
204 silly gunzTarPerm modified mode [ 'lib/parser/javascript.js', 420, 438 ]
205 silly lockFile b84fbef0-Hub-expressgo-node-modules-redis tar://D:\GitHub\expressgo\node_modules\redis
206 silly lockFile b84fbef0-Hub-expressgo-node-modules-redis tar://D:\GitHub\expressgo\node_modules\redis
207 silly lockFile 8032cf8f-m-cache-redis-0-12-1-package-tgz tar://c:\Users\panxuepeng\AppData\Roaming\npm-cache\redis\0.12.1\package.tgz
208 silly lockFile 8032cf8f-m-cache-redis-0-12-1-package-tgz tar://c:\Users\panxuepeng\AppData\Roaming\npm-cache\redis\0.12.1\package.tgz
209 info preinstall redis@0.12.1
210 verbose readDependencies using package.json deps
211 verbose readDependencies using package.json deps
212 silly resolved []
213 verbose about to build D:\GitHub\expressgo\node_modules\redis
214 info build D:\GitHub\expressgo\node_modules\redis
215 verbose linkStuff [ false, false, false, 'D:\\GitHub\\expressgo\\node_modules' ]
216 info linkStuff redis@0.12.1
217 verbose linkBins redis@0.12.1
218 verbose linkMans redis@0.12.1
219 verbose rebuildBundles redis@0.12.1
220 info install redis@0.12.1
221 info postinstall redis@0.12.1
222 silly lockFile 4ad3d716-b-expressgo-node-modules-hiredis tar://D:\GitHub\expressgo\node_modules\hiredis
223 silly lockFile 4ad3d716-b-expressgo-node-modules-hiredis tar://D:\GitHub\expressgo\node_modules\hiredis
224 silly lockFile 3031f538-cache-hiredis-0-1-17-package-tgz tar://c:\Users\panxuepeng\AppData\Roaming\npm-cache\hiredis\0.1.17\package.tgz
225 silly lockFile 3031f538-cache-hiredis-0-1-17-package-tgz tar://c:\Users\panxuepeng\AppData\Roaming\npm-cache\hiredis\0.1.17\package.tgz
226 info preinstall hiredis@0.1.17
227 verbose readDependencies using package.json deps
228 verbose readDependencies using package.json deps
229 verbose cache add [ 'bindings@*', null ]
230 verbose cache add name=undefined spec="bindings@*" args=["bindings@*",null]
231 verbose parsed url { protocol: null,
231 verbose parsed url   slashes: null,
231 verbose parsed url   auth: null,
231 verbose parsed url   host: null,
231 verbose parsed url   port: null,
231 verbose parsed url   hostname: null,
231 verbose parsed url   hash: null,
231 verbose parsed url   search: null,
231 verbose parsed url   query: null,
231 verbose parsed url   pathname: 'bindings@*',
231 verbose parsed url   path: 'bindings@*',
231 verbose parsed url   href: 'bindings@*' }
232 verbose cache add [ 'nan@~1.1.0', null ]
233 verbose cache add name=undefined spec="nan@~1.1.0" args=["nan@~1.1.0",null]
234 verbose parsed url { protocol: null,
234 verbose parsed url   slashes: null,
234 verbose parsed url   auth: null,
234 verbose parsed url   host: null,
234 verbose parsed url   port: null,
234 verbose parsed url   hostname: null,
234 verbose parsed url   hash: null,
234 verbose parsed url   search: null,
234 verbose parsed url   query: null,
234 verbose parsed url   pathname: 'nan@~1.1.0',
234 verbose parsed url   path: 'nan@~1.1.0',
234 verbose parsed url   href: 'nan@~1.1.0' }
235 verbose cache add name="bindings" spec="*" args=["bindings","*"]
236 verbose parsed url { protocol: null,
236 verbose parsed url   slashes: null,
236 verbose parsed url   auth: null,
236 verbose parsed url   host: null,
236 verbose parsed url   port: null,
236 verbose parsed url   hostname: null,
236 verbose parsed url   hash: null,
236 verbose parsed url   search: null,
236 verbose parsed url   query: null,
236 verbose parsed url   pathname: '*',
236 verbose parsed url   path: '*',
236 verbose parsed url   href: '*' }
237 verbose addNamed [ 'bindings', '*' ]
238 verbose addNamed [ null, '*' ]
239 silly lockFile a3858fc2-bindings bindings@*
240 verbose lock bindings@* C:\Users\panxuepeng\AppData\Roaming\npm-cache\a3858fc2-bindings.lock
241 verbose cache add name="nan" spec="~1.1.0" args=["nan","~1.1.0"]
242 verbose parsed url { protocol: null,
242 verbose parsed url   slashes: null,
242 verbose parsed url   auth: null,
242 verbose parsed url   host: null,
242 verbose parsed url   port: null,
242 verbose parsed url   hostname: null,
242 verbose parsed url   hash: null,
242 verbose parsed url   search: null,
242 verbose parsed url   query: null,
242 verbose parsed url   pathname: '~1.1.0',
242 verbose parsed url   path: '~1.1.0',
242 verbose parsed url   href: '~1.1.0' }
243 verbose addNamed [ 'nan', '~1.1.0' ]
244 verbose addNamed [ null, '>=1.1.0-0 <1.2.0-0' ]
245 silly lockFile 90ef4ad2-nan-1-1-0 nan@~1.1.0
246 verbose lock nan@~1.1.0 C:\Users\panxuepeng\AppData\Roaming\npm-cache\90ef4ad2-nan-1-1-0.lock
247 silly addNameRange { name: 'bindings', range: '*', hasData: false }
248 silly addNameRange { name: 'nan', range: '>=1.1.0-0 <1.2.0-0', hasData: false }
249 verbose request where is /bindings
250 verbose request registry https://registry.npmjs.org/
251 verbose url raw /bindings
252 verbose url resolving [ 'https://registry.npmjs.org/', './bindings' ]
253 verbose url resolved https://registry.npmjs.org/bindings
254 verbose request where is https://registry.npmjs.org/bindings
255 info trying registry request attempt 1 at 14:54:55
256 http GET https://registry.npmjs.org/bindings
257 verbose request where is /nan
258 verbose request registry https://registry.npmjs.org/
259 verbose url raw /nan
260 verbose url resolving [ 'https://registry.npmjs.org/', './nan' ]
261 verbose url resolved https://registry.npmjs.org/nan
262 verbose request where is https://registry.npmjs.org/nan
263 info trying registry request attempt 1 at 14:54:55
264 http GET https://registry.npmjs.org/nan
265 http 200 https://registry.npmjs.org/nan
266 silly registry.get cb [ 200,
266 silly registry.get   { date: 'Tue, 16 Dec 2014 06:55:02 GMT',
266 silly registry.get     server: 'CouchDB/1.5.0 (Erlang OTP/R16B03)',
266 silly registry.get     etag: '"BASL4AHUZL2X9BYWJN23MGK84"',
266 silly registry.get     'content-type': 'application/json',
266 silly registry.get     'cache-control': 'max-age=60',
266 silly registry.get     'content-length': '28553',
266 silly registry.get     'accept-ranges': 'bytes',
266 silly registry.get     via: '1.1 varnish',
266 silly registry.get     age: '12',
266 silly registry.get     'x-served-by': 'cache-ty67-TYO',
266 silly registry.get     'x-cache': 'HIT',
266 silly registry.get     'x-cache-hits': '3',
266 silly registry.get     'x-timer': 'S1418712902.778828,VS0,VE0',
266 silly registry.get     vary: 'Accept',
266 silly registry.get     connection: 'close' } ]
267 silly addNameRange number 2 { name: 'nan', range: '>=1.1.0-0 <1.2.0-0', hasData: true }
268 silly addNameRange versions [ 'nan',
268 silly addNameRange   [ '0.3.0-wip',
268 silly addNameRange     '0.3.0-wip2',
268 silly addNameRange     '0.3.0',
268 silly addNameRange     '0.3.1',
268 silly addNameRange     '0.3.2',
268 silly addNameRange     '0.4.0',
268 silly addNameRange     '0.4.1',
268 silly addNameRange     '0.4.2',
268 silly addNameRange     '0.4.3',
268 silly addNameRange     '0.4.4',
268 silly addNameRange     '0.5.0',
268 silly addNameRange     '0.5.1',
268 silly addNameRange     '0.5.2',
268 silly addNameRange     '0.6.0',
268 silly addNameRange     '0.7.0',
268 silly addNameRange     '0.7.1',
268 silly addNameRange     '0.8.0',
268 silly addNameRange     '1.0.0',
268 silly addNameRange     '1.1.0',
268 silly addNameRange     '1.1.1',
268 silly addNameRange     '1.1.2',
268 silly addNameRange     '1.2.0',
268 silly addNameRange     '1.3.0',
268 silly addNameRange     '1.4.0',
268 silly addNameRange     '1.4.1' ] ]
269 verbose addNamed [ 'nan', '1.1.2' ]
270 verbose addNamed [ '1.1.2', '1.1.2' ]
271 silly lockFile 60c82d82-nan-1-1-2 nan@1.1.2
272 verbose lock nan@1.1.2 C:\Users\panxuepeng\AppData\Roaming\npm-cache\60c82d82-nan-1-1-2.lock
273 silly lockFile 4620c502-stry-npmjs-org-nan-nan-1-1-2-tgz https://registry.npmjs.org/nan/-/nan-1.1.2.tgz
274 verbose lock https://registry.npmjs.org/nan/-/nan-1.1.2.tgz C:\Users\panxuepeng\AppData\Roaming\npm-cache\4620c502-stry-npmjs-org-nan-nan-1-1-2-tgz.lock
275 verbose addRemoteTarball [ 'https://registry.npmjs.org/nan/-/nan-1.1.2.tgz',
275 verbose addRemoteTarball   'bbd48552fc0758673ebe8fada360b60278a6636b' ]
276 info retry fetch attempt 1 at 14:54:56
277 verbose fetch to= c:\Users\PANXUE~1\AppData\Local\Temp\npm-8048-0ZnEFYbe\registry.npmjs.org\nan\-\nan-1.1.2.tgz
278 http GET https://registry.npmjs.org/nan/-/nan-1.1.2.tgz
279 http 200 https://registry.npmjs.org/nan/-/nan-1.1.2.tgz
280 http 200 https://registry.npmjs.org/bindings
281 silly registry.get cb [ 200,
281 silly registry.get   { date: 'Tue, 16 Dec 2014 06:55:03 GMT',
281 silly registry.get     server: 'CouchDB/1.5.0 (Erlang OTP/R16B03)',
281 silly registry.get     etag: '"6SJRISMK25A1UDWM33HHCDB3Q"',
281 silly registry.get     'content-type': 'application/json',
281 silly registry.get     'cache-control': 'max-age=60',
281 silly registry.get     'content-length': '18313',
281 silly registry.get     'accept-ranges': 'bytes',
281 silly registry.get     via: '1.1 varnish',
281 silly registry.get     age: '18',
281 silly registry.get     'x-served-by': 'cache-ty68-TYO',
281 silly registry.get     'x-cache': 'HIT',
281 silly registry.get     'x-cache-hits': '1',
281 silly registry.get     'x-timer': 'S1418712903.080385,VS0,VE0',
281 silly registry.get     vary: 'Accept',
281 silly registry.get     connection: 'close' } ]
282 silly addNameRange number 2 { name: 'bindings', range: '*', hasData: true }
283 silly addNameRange versions [ 'bindings',
283 silly addNameRange   [ '0.0.1',
283 silly addNameRange     '0.1.0',
283 silly addNameRange     '0.1.1',
283 silly addNameRange     '0.2.0',
283 silly addNameRange     '0.2.1',
283 silly addNameRange     '0.2.2',
283 silly addNameRange     '0.2.3',
283 silly addNameRange     '0.2.4',
283 silly addNameRange     '0.3.0',
283 silly addNameRange     '0.4.0',
283 silly addNameRange     '1.0.0',
283 silly addNameRange     '1.1.0',
283 silly addNameRange     '1.1.1',
283 silly addNameRange     '1.2.0',
283 silly addNameRange     '1.2.1' ] ]
284 verbose addNamed [ 'bindings', '1.2.1' ]
285 verbose addNamed [ '1.2.1', '1.2.1' ]
286 silly lockFile e9060511-bindings-1-2-1 bindings@1.2.1
287 verbose lock bindings@1.2.1 C:\Users\panxuepeng\AppData\Roaming\npm-cache\e9060511-bindings-1-2-1.lock
288 silly lockFile 0932abb1--org-bindings-bindings-1-2-1-tgz https://registry.npmjs.org/bindings/-/bindings-1.2.1.tgz
289 verbose lock https://registry.npmjs.org/bindings/-/bindings-1.2.1.tgz C:\Users\panxuepeng\AppData\Roaming\npm-cache\0932abb1--org-bindings-bindings-1-2-1-tgz.lock
290 verbose addRemoteTarball [ 'https://registry.npmjs.org/bindings/-/bindings-1.2.1.tgz',
290 verbose addRemoteTarball   '14ad6113812d2d37d72e67b4cacb4bb726505f11' ]
291 info retry fetch attempt 1 at 14:54:56
292 verbose fetch to= c:\Users\PANXUE~1\AppData\Local\Temp\npm-8048-0ZnEFYbe\registry.npmjs.org\bindings\-\bindings-1.2.1.tgz
293 http GET https://registry.npmjs.org/bindings/-/bindings-1.2.1.tgz
294 silly lockFile 4620c502-stry-npmjs-org-nan-nan-1-1-2-tgz https://registry.npmjs.org/nan/-/nan-1.1.2.tgz
295 silly lockFile 4620c502-stry-npmjs-org-nan-nan-1-1-2-tgz https://registry.npmjs.org/nan/-/nan-1.1.2.tgz
296 silly lockFile 60c82d82-nan-1-1-2 nan@1.1.2
297 silly lockFile 60c82d82-nan-1-1-2 nan@1.1.2
298 silly lockFile 90ef4ad2-nan-1-1-0 nan@~1.1.0
299 silly lockFile 90ef4ad2-nan-1-1-0 nan@~1.1.0
300 http 200 https://registry.npmjs.org/bindings/-/bindings-1.2.1.tgz
301 silly lockFile 0932abb1--org-bindings-bindings-1-2-1-tgz https://registry.npmjs.org/bindings/-/bindings-1.2.1.tgz
302 silly lockFile 0932abb1--org-bindings-bindings-1-2-1-tgz https://registry.npmjs.org/bindings/-/bindings-1.2.1.tgz
303 silly lockFile e9060511-bindings-1-2-1 bindings@1.2.1
304 silly lockFile e9060511-bindings-1-2-1 bindings@1.2.1
305 silly lockFile a3858fc2-bindings bindings@*
306 silly lockFile a3858fc2-bindings bindings@*
307 silly resolved [ { name: 'nan',
307 silly resolved     version: '1.1.2',
307 silly resolved     description: 'Native Abstractions for Node.js: C++ header for Node 0.8->0.12 compatibility',
307 silly resolved     main: 'include_dirs.js',
307 silly resolved     repository: { type: 'git', url: 'git://github.com/rvagg/nan.git' },
307 silly resolved     contributors: [ [Object], [Object], [Object], [Object], [Object], [Object] ],
307 silly resolved     license: 'MIT',
307 silly resolved     bugs: { url: 'https://github.com/rvagg/nan/issues' },
307 silly resolved     homepage: 'https://github.com/rvagg/nan',
307 silly resolved     _id: 'nan@1.1.2',
307 silly resolved     dist:
307 silly resolved      { shasum: 'bbd48552fc0758673ebe8fada360b60278a6636b',
307 silly resolved        tarball: 'http://registry.npmjs.org/nan/-/nan-1.1.2.tgz' },
307 silly resolved     _from: 'nan@~1.1.0',
307 silly resolved     _npmVersion: '1.4.3',
307 silly resolved     _npmUser: { name: 'rvagg', email: 'rod@vagg.org' },
307 silly resolved     maintainers: [ [Object] ],
307 silly resolved     directories: {},
307 silly resolved     _shasum: 'bbd48552fc0758673ebe8fada360b60278a6636b',
307 silly resolved     _resolved: 'https://registry.npmjs.org/nan/-/nan-1.1.2.tgz' },
307 silly resolved   { name: 'bindings',
307 silly resolved     description: 'Helper module for loading your native module\'s .node file',
307 silly resolved     keywords: [ 'native', 'addon', 'bindings', 'gyp', 'waf', 'c', 'c++' ],
307 silly resolved     version: '1.2.1',
307 silly resolved     author:
307 silly resolved      { name: 'Nathan Rajlich',
307 silly resolved        email: 'nathan@tootallnate.net',
307 silly resolved        url: 'http://tootallnate.net' },
307 silly resolved     repository:
307 silly resolved      { type: 'git',
307 silly resolved        url: 'git://github.com/TooTallNate/node-bindings.git' },
307 silly resolved     main: './bindings.js',
307 silly resolved     bugs: { url: 'https://github.com/TooTallNate/node-bindings/issues' },
307 silly resolved     homepage: 'https://github.com/TooTallNate/node-bindings',
307 silly resolved     license: 'MIT',
307 silly resolved     gitHead: 'e404152ee27f8478ccbc7122ee051246e8e5ec02',
307 silly resolved     _id: 'bindings@1.2.1',
307 silly resolved     scripts: {},
307 silly resolved     _shasum: '14ad6113812d2d37d72e67b4cacb4bb726505f11',
307 silly resolved     _from: 'bindings@*',
307 silly resolved     _npmVersion: '1.4.14',
307 silly resolved     _npmUser: { name: 'tootallnate', email: 'nathan@tootallnate.net' },
307 silly resolved     maintainers: [ [Object], [Object] ],
307 silly resolved     dist:
307 silly resolved      { shasum: '14ad6113812d2d37d72e67b4cacb4bb726505f11',
307 silly resolved        tarball: 'http://registry.npmjs.org/bindings/-/bindings-1.2.1.tgz' },
307 silly resolved     directories: {},
307 silly resolved     _resolved: 'https://registry.npmjs.org/bindings/-/bindings-1.2.1.tgz' } ]
308 info install nan@1.1.2 into D:\GitHub\expressgo\node_modules\hiredis
309 info install bindings@1.2.1 into D:\GitHub\expressgo\node_modules\hiredis
310 info installOne nan@1.1.2
311 info installOne bindings@1.2.1
312 verbose node_modules\hiredis\node_modules\nan unbuild
313 verbose node_modules\hiredis\node_modules\bindings unbuild
314 verbose tar unpack c:\Users\panxuepeng\AppData\Roaming\npm-cache\nan\1.1.2\package.tgz
315 silly lockFile de8475ba-modules-hiredis-node-modules-nan tar://D:\GitHub\expressgo\node_modules\hiredis\node_modules\nan
316 verbose lock tar://D:\GitHub\expressgo\node_modules\hiredis\node_modules\nan C:\Users\panxuepeng\AppData\Roaming\npm-cache\de8475ba-modules-hiredis-node-modules-nan.lock
317 silly lockFile 7e4615e3--npm-cache-nan-1-1-2-package-tgz tar://c:\Users\panxuepeng\AppData\Roaming\npm-cache\nan\1.1.2\package.tgz
318 verbose lock tar://c:\Users\panxuepeng\AppData\Roaming\npm-cache\nan\1.1.2\package.tgz C:\Users\panxuepeng\AppData\Roaming\npm-cache\7e4615e3--npm-cache-nan-1-1-2-package-tgz.lock
319 verbose tar unpack c:\Users\panxuepeng\AppData\Roaming\npm-cache\bindings\1.2.1\package.tgz
320 silly lockFile 061e71e4-es-hiredis-node-modules-bindings tar://D:\GitHub\expressgo\node_modules\hiredis\node_modules\bindings
321 verbose lock tar://D:\GitHub\expressgo\node_modules\hiredis\node_modules\bindings C:\Users\panxuepeng\AppData\Roaming\npm-cache\061e71e4-es-hiredis-node-modules-bindings.lock
322 silly lockFile 54399c7a-cache-bindings-1-2-1-package-tgz tar://c:\Users\panxuepeng\AppData\Roaming\npm-cache\bindings\1.2.1\package.tgz
323 verbose lock tar://c:\Users\panxuepeng\AppData\Roaming\npm-cache\bindings\1.2.1\package.tgz C:\Users\panxuepeng\AppData\Roaming\npm-cache\54399c7a-cache-bindings-1-2-1-package-tgz.lock
324 silly gunzTarPerm modes [ '777', '666' ]
325 silly gunzTarPerm modes [ '777', '666' ]
326 silly gunzTarPerm extractEntry package.json
327 silly gunzTarPerm modified mode [ 'package.json', 420, 438 ]
328 silly gunzTarPerm extractEntry package.json
329 silly gunzTarPerm modified mode [ 'package.json', 420, 438 ]
330 silly gunzTarPerm extractEntry README.md
331 silly gunzTarPerm modified mode [ 'README.md', 420, 438 ]
332 silly gunzTarPerm extractEntry LICENSE
333 silly gunzTarPerm modified mode [ 'LICENSE', 420, 438 ]
334 silly gunzTarPerm extractEntry include_dirs.js
335 silly gunzTarPerm modified mode [ 'include_dirs.js', 420, 438 ]
336 silly gunzTarPerm extractEntry .dntrc
337 silly gunzTarPerm modified mode [ '.dntrc', 420, 438 ]
338 silly gunzTarPerm extractEntry build/config.gypi
339 silly gunzTarPerm modified mode [ 'build/config.gypi', 420, 438 ]
340 silly gunzTarPerm extractEntry nan.h
341 silly gunzTarPerm modified mode [ 'nan.h', 420, 438 ]
342 silly gunzTarPerm extractEntry README.md
343 silly gunzTarPerm modified mode [ 'README.md', 420, 438 ]
344 silly gunzTarPerm extractEntry bindings.js
345 silly gunzTarPerm modified mode [ 'bindings.js', 420, 438 ]
346 silly lockFile 061e71e4-es-hiredis-node-modules-bindings tar://D:\GitHub\expressgo\node_modules\hiredis\node_modules\bindings
347 silly lockFile 061e71e4-es-hiredis-node-modules-bindings tar://D:\GitHub\expressgo\node_modules\hiredis\node_modules\bindings
348 silly lockFile 54399c7a-cache-bindings-1-2-1-package-tgz tar://c:\Users\panxuepeng\AppData\Roaming\npm-cache\bindings\1.2.1\package.tgz
349 silly lockFile 54399c7a-cache-bindings-1-2-1-package-tgz tar://c:\Users\panxuepeng\AppData\Roaming\npm-cache\bindings\1.2.1\package.tgz
350 info preinstall bindings@1.2.1
351 verbose readDependencies using package.json deps
352 verbose readDependencies using package.json deps
353 silly resolved []
354 verbose about to build D:\GitHub\expressgo\node_modules\hiredis\node_modules\bindings
355 info build D:\GitHub\expressgo\node_modules\hiredis\node_modules\bindings
356 verbose linkStuff [ false,
356 verbose linkStuff   false,
356 verbose linkStuff   false,
356 verbose linkStuff   'D:\\GitHub\\expressgo\\node_modules\\hiredis\\node_modules' ]
357 info linkStuff bindings@1.2.1
358 verbose linkBins bindings@1.2.1
359 verbose linkMans bindings@1.2.1
360 verbose rebuildBundles bindings@1.2.1
361 info install bindings@1.2.1
362 info postinstall bindings@1.2.1
363 silly lockFile de8475ba-modules-hiredis-node-modules-nan tar://D:\GitHub\expressgo\node_modules\hiredis\node_modules\nan
364 silly lockFile de8475ba-modules-hiredis-node-modules-nan tar://D:\GitHub\expressgo\node_modules\hiredis\node_modules\nan
365 silly lockFile 7e4615e3--npm-cache-nan-1-1-2-package-tgz tar://c:\Users\panxuepeng\AppData\Roaming\npm-cache\nan\1.1.2\package.tgz
366 silly lockFile 7e4615e3--npm-cache-nan-1-1-2-package-tgz tar://c:\Users\panxuepeng\AppData\Roaming\npm-cache\nan\1.1.2\package.tgz
367 info preinstall nan@1.1.2
368 verbose readDependencies using package.json deps
369 verbose readDependencies using package.json deps
370 silly resolved []
371 verbose about to build D:\GitHub\expressgo\node_modules\hiredis\node_modules\nan
372 info build D:\GitHub\expressgo\node_modules\hiredis\node_modules\nan
373 verbose linkStuff [ false,
373 verbose linkStuff   false,
373 verbose linkStuff   false,
373 verbose linkStuff   'D:\\GitHub\\expressgo\\node_modules\\hiredis\\node_modules' ]
374 info linkStuff nan@1.1.2
375 verbose linkBins nan@1.1.2
376 verbose linkMans nan@1.1.2
377 verbose rebuildBundles nan@1.1.2
378 info install nan@1.1.2
379 info postinstall nan@1.1.2
380 verbose about to build D:\GitHub\expressgo\node_modules\hiredis
381 info build D:\GitHub\expressgo\node_modules\hiredis
382 verbose linkStuff [ false, false, false, 'D:\\GitHub\\expressgo\\node_modules' ]
383 info linkStuff hiredis@0.1.17
384 verbose linkBins hiredis@0.1.17
385 verbose linkMans hiredis@0.1.17
386 verbose rebuildBundles hiredis@0.1.17
387 verbose rebuildBundles [ 'bindings', 'nan' ]
388 info install hiredis@0.1.17
389 verbose unsafe-perm in lifecycle true
390 info hiredis@0.1.17 Failed to exec install script
391 verbose node_modules\hiredis unbuild
392 info preuninstall hiredis@0.1.17
393 info uninstall hiredis@0.1.17
394 verbose true,D:\GitHub\expressgo\node_modules,D:\GitHub\expressgo\node_modules unbuild hiredis@0.1.17
395 info postuninstall hiredis@0.1.17
396 error hiredis@0.1.17 install: `node-gyp rebuild`
396 error Exit status 1
397 error Failed at the hiredis@0.1.17 install script.
397 error This is most likely a problem with the hiredis package,
397 error not with npm itself.
397 error Tell the author that this fails on your system:
397 error     node-gyp rebuild
397 error You can get their info via:
397 error     npm owner ls hiredis
397 error There is likely additional logging output above.
398 error System Windows_NT 6.1.7601
399 error command "C:\\Program Files\\nodejs\\\\node.exe" "C:\\Program Files\\nodejs\\node_modules\\npm\\bin\\npm-cli.js" "install" "hiredis" "redis"
400 error cwd D:\GitHub\expressgo
401 error node -v v0.11.14-nightly-20140819-pre
402 error npm -v 1.4.21
403 error code ELIFECYCLE
404 verbose exit [ 1, true ]
